C:\Program Files (x86)\Microsoft Visual Studio\2017\Community\Common7\IDE\VC\VCTargets\Microsoft.CppBuild.targets(387,5): warning MSB8028: 중간 디렉터리(Debug\)에 다른 프로젝트(server.vcxproj)에서 공유하는 파일이 포함되어 있습니다.  이로 인해 잘못된 정리 및 다시 빌드 동작이 수행될 수 있습니다.
  User.cpp
c:\users\hsj\documents\tidiots\project\server\user.cpp(27): warning C4996: 'inet_ntoa': Use inet_ntop() or InetNtop() instead or define _WINSOCK_DEPRECATED_NO_WARNINGS to disable deprecated API warnings
  c:\program files (x86)\windows kits\10\include\10.0.16299.0\um\winsock2.h(1848): note: 'inet_ntoa' 선언을 참조하십시오.
c:\users\hsj\documents\tidiots\project\server\user.cpp(131): error C2374: 'connection': 재정의. 여러 번 초기화했습니다.
  c:\users\hsj\documents\tidiots\project\server\user.cpp(89): note: 'connection' 선언을 참조하십시오.
c:\users\hsj\documents\tidiots\project\server\user.cpp(131): error C2086: 'MYSQL conn': 재정의
  c:\users\hsj\documents\tidiots\project\server\user.cpp(89): note: 'conn' 선언을 참조하십시오.
c:\users\hsj\documents\tidiots\project\server\user.cpp(132): error C2086: 'MYSQL_RES *sql_result': 재정의
  c:\users\hsj\documents\tidiots\project\server\user.cpp(90): note: 'sql_result' 선언을 참조하십시오.
c:\users\hsj\documents\tidiots\project\server\user.cpp(133): error C2086: 'MYSQL_ROW sql_row': 재정의
  c:\users\hsj\documents\tidiots\project\server\user.cpp(91): note: 'sql_row' 선언을 참조하십시오.
c:\users\hsj\documents\tidiots\project\server\user.cpp(134): error C2086: 'int query_stat': 재정의
  c:\users\hsj\documents\tidiots\project\server\user.cpp(92): note: 'query_stat' 선언을 참조하십시오.
c:\users\hsj\documents\tidiots\project\server\user.cpp(135): error C2086: 'int i': 재정의
  c:\users\hsj\documents\tidiots\project\server\user.cpp(93): note: 'i' 선언을 참조하십시오.
c:\users\hsj\documents\tidiots\project\server\user.cpp(137): error C2086: 'char query[255]': 재정의
  c:\users\hsj\documents\tidiots\project\server\user.cpp(95): note: 'query' 선언을 참조하십시오.
c:\users\hsj\documents\tidiots\project\server\user.cpp(126): error C2360: 'connection' 초기화가 'case' 레이블에 의해 생략되었습니다.
  c:\users\hsj\documents\tidiots\project\server\user.cpp(89): note: 'connection' 선언을 참조하십시오.
c:\users\hsj\documents\tidiots\project\server\user.cpp(130): error C2360: 'connection' 초기화가 'case' 레이블에 의해 생략되었습니다.
  c:\users\hsj\documents\tidiots\project\server\user.cpp(89): note: 'connection' 선언을 참조하십시오.
c:\users\hsj\documents\tidiots\project\server\user.cpp(170): error C2361: 'connection' 초기화가 'default' 레이블에 의해 생략되었습니다.
  c:\users\hsj\documents\tidiots\project\server\user.cpp(131): note: 'connection' 선언을 참조하십시오.
c:\users\hsj\documents\tidiots\project\server\user.cpp(195): warning C4996: 'strncpy': This function or variable may be unsafe. Consider using strncpy_s instead. To disable deprecation, use _CRT_SECURE_NO_WARNINGS. See online help for details.
  c:\program files (x86)\windows kits\10\include\10.0.16299.0\ucrt\string.h(343): note: 'strncpy' 선언을 참조하십시오.
c:\users\hsj\documents\tidiots\project\server\user.cpp(219): warning C4996: 'strncpy': This function or variable may be unsafe. Consider using strncpy_s instead. To disable deprecation, use _CRT_SECURE_NO_WARNINGS. See online help for details.
  c:\program files (x86)\windows kits\10\include\10.0.16299.0\ucrt\string.h(343): note: 'strncpy' 선언을 참조하십시오.
